Started GET "/users" for 127.0.0.1 at 2019-12-05 14:08:19 -0800
  [1m[35m (1.6ms)[0m  [1m[34mSELECT "schema_migrations"."version" FROM "schema_migrations" ORDER BY "schema_migrations"."version" ASC[0m
Processing by UsersController#index as */*
  [1m[36mUser Load (1.0ms)[0m  [1m[34mSELECT "users".* FROM "users"[0m
  ↳ app/controllers/users_controller.rb:4:in `index'
[active_model_serializers]   [1m[36mUserSearch Load (1.7ms)[0m  [1m[34mSELECT "user_searches".* FROM "user_searches" INNER JOIN "favorites" ON "user_searches"."id" = "favorites"."user_search_id" WHERE "favorites"."user_id" = $1[0m  [["user_id", 1]]
[active_model_serializers]   ↳ app/controllers/users_controller.rb:4:in `index'
[active_model_serializers] Rendered ActiveModel::Serializer::CollectionSerializer with ActiveModelSerializers::Adapter::Attributes (107.29ms)
Completed 200 OK in 145ms (Views: 114.3ms | ActiveRecord: 20.4ms | Allocations: 28749)


Started GET "/users" for 127.0.0.1 at 2019-12-05 14:08:21 -0800
Processing by UsersController#index as */*
  [1m[36mUser Load (0.5ms)[0m  [1m[34mSELECT "users".* FROM "users"[0m
  ↳ app/controllers/users_controller.rb:4:in `index'
[active_model_serializers]   [1m[36mUserSearch Load (0.8ms)[0m  [1m[34mSELECT "user_searches".* FROM "user_searches" INNER JOIN "favorites" ON "user_searches"."id" = "favorites"."user_search_id" WHERE "favorites"."user_id" = $1[0m  [["user_id", 1]]
[active_model_serializers]   ↳ app/controllers/users_controller.rb:4:in `index'
[active_model_serializers] Rendered ActiveModel::Serializer::CollectionSerializer with ActiveModelSerializers::Adapter::Attributes (7.98ms)
Completed 200 OK in 13ms (Views: 11.0ms | ActiveRecord: 1.3ms | Allocations: 3720)


Started POST "/user_searches" for 127.0.0.1 at 2019-12-05 14:08:28 -0800
Processing by UserSearchesController#create as JSON
  Parameters: {"username"=>"rachid1", "user_search"=>{"reddit_username"=>"mike", "top_listing_name"=>"Nice", "top_listing_likes"=>6572, "top_listing_link"=>"https://i.redd.it/idi6orhl1hb31.jpg", "fav_sub_name"=>"AskReddit", "most_children_name"=>"Nice", "Most_children_likes"=>3, "most_children_link"=>"https://i.redd.it/idi6orhl1hb31.jpg"}}
  [1m[35m (0.2ms)[0m  [1m[35mBEGIN[0m
  ↳ app/controllers/user_searches_controller.rb:12:in `create'
  [1m[36mUserSearch Create (1.2ms)[0m  [1m[32mINSERT INTO "user_searches" ("reddit_username", "top_listing_name", "top_listing_likes", "top_listing_link", "fav_sub_name", "most_children_name", "Most_children_likes", "most_children_link", "created_at", "updated_at") VALUES ($1, $2, $3, $4, $5, $6, $7, $8, $9, $10) RETURNING "id"[0m  [["reddit_username", "mike"], ["top_listing_name", "Nice"], ["top_listing_likes", 6572], ["top_listing_link", "https://i.redd.it/idi6orhl1hb31.jpg"], ["fav_sub_name", "AskReddit"], ["most_children_name", "Nice"], ["Most_children_likes", 3], ["most_children_link", "https://i.redd.it/idi6orhl1hb31.jpg"], ["created_at", "2019-12-05 22:08:28.719841"], ["updated_at", "2019-12-05 22:08:28.719841"]]
  ↳ app/controllers/user_searches_controller.rb:12:in `create'
  [1m[35m (1.8ms)[0m  [1m[35mCOMMIT[0m
  ↳ app/controllers/user_searches_controller.rb:12:in `create'
  [1m[36mUser Load (0.8ms)[0m  [1m[34mSELECT "users".* FROM "users" WHERE "users"."username" = $1 LIMIT $2[0m  [["username", "rachid1"], ["LIMIT", 1]]
  ↳ app/controllers/user_searches_controller.rb:14:in `create'
  [1m[35m (0.2ms)[0m  [1m[35mBEGIN[0m
  ↳ app/controllers/user_searches_controller.rb:16:in `create'
  [1m[36mUser Load (0.5ms)[0m  [1m[34mSELECT "users".* FROM "users" WHERE "users"."id" = $1 LIMIT $2[0m  [["id", 1], ["LIMIT", 1]]
  ↳ app/controllers/user_searches_controller.rb:16:in `create'
  [1m[36mUserSearch Load (0.3ms)[0m  [1m[34mSELECT "user_searches".* FROM "user_searches" WHERE "user_searches"."id" = $1 LIMIT $2[0m  [["id", 12], ["LIMIT", 1]]
  ↳ app/controllers/user_searches_controller.rb:16:in `create'
  [1m[36mFavorite Create (0.6ms)[0m  [1m[32mINSERT INTO "favorites" ("user_id", "user_search_id", "created_at", "updated_at") VALUES ($1, $2, $3, $4) RETURNING "id"[0m  [["user_id", 1], ["user_search_id", 12], ["created_at", "2019-12-05 22:08:28.768149"], ["updated_at", "2019-12-05 22:08:28.768149"]]
  ↳ app/controllers/user_searches_controller.rb:16:in `create'
  [1m[35m (0.6ms)[0m  [1m[35mCOMMIT[0m
  ↳ app/controllers/user_searches_controller.rb:16:in `create'
Completed 204 No Content in 56ms (ActiveRecord: 11.0ms | Allocations: 11333)


Started GET "/users" for 127.0.0.1 at 2019-12-05 14:11:13 -0800
Processing by UsersController#index as */*
  [1m[36mUser Load (0.4ms)[0m  [1m[34mSELECT "users".* FROM "users"[0m
  ↳ app/controllers/users_controller.rb:4:in `index'
[active_model_serializers]   [1m[36mUserSearch Load (1.0ms)[0m  [1m[34mSELECT "user_searches".* FROM "user_searches" INNER JOIN "favorites" ON "user_searches"."id" = "favorites"."user_search_id" WHERE "favorites"."user_id" = $1[0m  [["user_id", 1]]
[active_model_serializers]   ↳ app/controllers/users_controller.rb:4:in `index'
[active_model_serializers] Rendered ActiveModel::Serializer::CollectionSerializer with ActiveModelSerializers::Adapter::Attributes (8.0ms)
Completed 200 OK in 11ms (Views: 9.5ms | ActiveRecord: 1.4ms | Allocations: 3916)


Started POST "/user_searches" for 127.0.0.1 at 2019-12-05 14:11:29 -0800
Processing by UserSearchesController#create as JSON
  Parameters: {"username"=>"rachid1", "user_search"=>{"reddit_username"=>"mike", "top_listing_name"=>"Nice", "top_listing_likes"=>6564, "top_listing_link"=>"https://i.redd.it/idi6orhl1hb31.jpg", "fav_sub_name"=>"AskReddit", "most_children_name"=>"Nice", "Most_children_likes"=>3, "most_children_link"=>"https://i.redd.it/idi6orhl1hb31.jpg"}}
  [1m[35m (0.2ms)[0m  [1m[35mBEGIN[0m
  ↳ app/controllers/user_searches_controller.rb:12:in `create'
  [1m[36mUserSearch Create (0.6ms)[0m  [1m[32mINSERT INTO "user_searches" ("reddit_username", "top_listing_name", "top_listing_likes", "top_listing_link", "fav_sub_name", "most_children_name", "Most_children_likes", "most_children_link", "created_at", "updated_at") VALUES ($1, $2, $3, $4, $5, $6, $7, $8, $9, $10) RETURNING "id"[0m  [["reddit_username", "mike"], ["top_listing_name", "Nice"], ["top_listing_likes", 6564], ["top_listing_link", "https://i.redd.it/idi6orhl1hb31.jpg"], ["fav_sub_name", "AskReddit"], ["most_children_name", "Nice"], ["Most_children_likes", 3], ["most_children_link", "https://i.redd.it/idi6orhl1hb31.jpg"], ["created_at", "2019-12-05 22:11:29.787818"], ["updated_at", "2019-12-05 22:11:29.787818"]]
  ↳ app/controllers/user_searches_controller.rb:12:in `create'
  [1m[35m (1.6ms)[0m  [1m[35mCOMMIT[0m
  ↳ app/controllers/user_searches_controller.rb:12:in `create'
  [1m[36mUser Load (0.5ms)[0m  [1m[34mSELECT "users".* FROM "users" WHERE "users"."username" = $1 LIMIT $2[0m  [["username", "rachid1"], ["LIMIT", 1]]
  ↳ app/controllers/user_searches_controller.rb:14:in `create'
  [1m[35m (0.2ms)[0m  [1m[35mBEGIN[0m
  ↳ app/controllers/user_searches_controller.rb:16:in `create'
  [1m[36mUser Load (0.5ms)[0m  [1m[34mSELECT "users".* FROM "users" WHERE "users"."id" = $1 LIMIT $2[0m  [["id", 1], ["LIMIT", 1]]
  ↳ app/controllers/user_searches_controller.rb:16:in `create'
  [1m[36mUserSearch Load (0.8ms)[0m  [1m[34mSELECT "user_searches".* FROM "user_searches" WHERE "user_searches"."id" = $1 LIMIT $2[0m  [["id", 13], ["LIMIT", 1]]
  ↳ app/controllers/user_searches_controller.rb:16:in `create'
  [1m[36mFavorite Create (0.7ms)[0m  [1m[32mINSERT INTO "favorites" ("user_id", "user_search_id", "created_at", "updated_at") VALUES ($1, $2, $3, $4) RETURNING "id"[0m  [["user_id", 1], ["user_search_id", 13], ["created_at", "2019-12-05 22:11:29.850457"], ["updated_at", "2019-12-05 22:11:29.850457"]]
  ↳ app/controllers/user_searches_controller.rb:16:in `create'
  [1m[35m (1.1ms)[0m  [1m[35mCOMMIT[0m
  ↳ app/controllers/user_searches_controller.rb:16:in `create'
Completed 204 No Content in 69ms (ActiveRecord: 6.3ms | Allocations: 7004)


Started POST "/user_searches" for 127.0.0.1 at 2019-12-05 14:11:53 -0800
Processing by UserSearchesController#create as JSON
  Parameters: {"username"=>"rachid1", "user_search"=>{"reddit_username"=>"spez", "top_listing_name"=>"Reddit search might work by then.", "top_listing_likes"=>22208, "top_listing_link"=>"https://www.reddit.com/r/announcements/comments/59k22p/hey_its_reddits_totally_politically_neutral_ceo/", "fav_sub_name"=>"announcements", "most_children_name"=>"No. We don’t negotiate with terrorists. ", "Most_children_likes"=>10, "most_children_link"=>"https://www.reddit.com/r/announcements/comments/7jsyqt/the_fccs_vote_was_predictably_frustrating_but/"}}
  [1m[35m (0.4ms)[0m  [1m[35mBEGIN[0m
  ↳ app/controllers/user_searches_controller.rb:12:in `create'
  [1m[36mUserSearch Create (0.6ms)[0m  [1m[32mINSERT INTO "user_searches" ("reddit_username", "top_listing_name", "top_listing_likes", "top_listing_link", "fav_sub_name", "most_children_name", "Most_children_likes", "most_children_link", "created_at", "updated_at") VALUES ($1, $2, $3, $4, $5, $6, $7, $8, $9, $10) RETURNING "id"[0m  [["reddit_username", "spez"], ["top_listing_name", "Reddit search might work by then."], ["top_listing_likes", 22208], ["top_listing_link", "https://www.reddit.com/r/announcements/comments/59k22p/hey_its_reddits_totally_politically_neutral_ceo/"], ["fav_sub_name", "announcements"], ["most_children_name", "No. We don’t negotiate with terrorists. "], ["Most_children_likes", 10], ["most_children_link", "https://www.reddit.com/r/announcements/comments/7jsyqt/the_fccs_vote_was_predictably_frustrating_but/"], ["created_at", "2019-12-05 22:11:53.522917"], ["updated_at", "2019-12-05 22:11:53.522917"]]
  ↳ app/controllers/user_searches_controller.rb:12:in `create'
  [1m[35m (0.6ms)[0m  [1m[35mCOMMIT[0m
  ↳ app/controllers/user_searches_controller.rb:12:in `create'
  [1m[36mUser Load (0.4ms)[0m  [1m[34mSELECT "users".* FROM "users" WHERE "users"."username" = $1 LIMIT $2[0m  [["username", "rachid1"], ["LIMIT", 1]]
  ↳ app/controllers/user_searches_controller.rb:14:in `create'
  [1m[35m (0.4ms)[0m  [1m[35mBEGIN[0m
  ↳ app/controllers/user_searches_controller.rb:16:in `create'
  [1m[36mUser Load (0.4ms)[0m  [1m[34mSELECT "users".* FROM "users" WHERE "users"."id" = $1 LIMIT $2[0m  [["id", 1], ["LIMIT", 1]]
  ↳ app/controllers/user_searches_controller.rb:16:in `create'
  [1m[36mUserSearch Load (0.5ms)[0m  [1m[34mSELECT "user_searches".* FROM "user_searches" WHERE "user_searches"."id" = $1 LIMIT $2[0m  [["id", 14], ["LIMIT", 1]]
  ↳ app/controllers/user_searches_controller.rb:16:in `create'
  [1m[36mFavorite Create (0.7ms)[0m  [1m[32mINSERT INTO "favorites" ("user_id", "user_search_id", "created_at", "updated_at") VALUES ($1, $2, $3, $4) RETURNING "id"[0m  [["user_id", 1], ["user_search_id", 14], ["created_at", "2019-12-05 22:11:53.537864"], ["updated_at", "2019-12-05 22:11:53.537864"]]
  ↳ app/controllers/user_searches_controller.rb:16:in `create'
  [1m[35m (0.6ms)[0m  [1m[35mCOMMIT[0m
  ↳ app/controllers/user_searches_controller.rb:16:in `create'
Completed 204 No Content in 20ms (ActiveRecord: 4.6ms | Allocations: 6991)


Started GET "/users" for 127.0.0.1 at 2019-12-05 14:12:32 -0800
Processing by UsersController#index as */*
  [1m[36mUser Load (0.3ms)[0m  [1m[34mSELECT "users".* FROM "users"[0m
  ↳ app/controllers/users_controller.rb:4:in `index'
[active_model_serializers]   [1m[36mUserSearch Load (0.9ms)[0m  [1m[34mSELECT "user_searches".* FROM "user_searches" INNER JOIN "favorites" ON "user_searches"."id" = "favorites"."user_search_id" WHERE "favorites"."user_id" = $1[0m  [["user_id", 1]]
[active_model_serializers]   ↳ app/controllers/users_controller.rb:4:in `index'
[active_model_serializers] Rendered ActiveModel::Serializer::CollectionSerializer with ActiveModelSerializers::Adapter::Attributes (7.74ms)
Completed 200 OK in 10ms (Views: 8.5ms | ActiveRecord: 1.3ms | Allocations: 4293)


Started GET "/users" for 127.0.0.1 at 2019-12-05 14:12:43 -0800
Processing by UsersController#index as */*
  [1m[36mUser Load (0.4ms)[0m  [1m[34mSELECT "users".* FROM "users"[0m
  ↳ app/controllers/users_controller.rb:4:in `index'
[active_model_serializers]   [1m[36mUserSearch Load (0.9ms)[0m  [1m[34mSELECT "user_searches".* FROM "user_searches" INNER JOIN "favorites" ON "user_searches"."id" = "favorites"."user_search_id" WHERE "favorites"."user_id" = $1[0m  [["user_id", 1]]
[active_model_serializers]   ↳ app/controllers/users_controller.rb:4:in `index'
[active_model_serializers] Rendered ActiveModel::Serializer::CollectionSerializer with ActiveModelSerializers::Adapter::Attributes (5.38ms)
Completed 200 OK in 9ms (Views: 6.9ms | ActiveRecord: 1.3ms | Allocations: 4292)


Started GET "/users" for 127.0.0.1 at 2019-12-05 14:25:19 -0800
  [1m[35m (1.0ms)[0m  [1m[34mSELECT "schema_migrations"."version" FROM "schema_migrations" ORDER BY "schema_migrations"."version" ASC[0m
Processing by UsersController#index as */*
  [1m[36mUser Load (0.7ms)[0m  [1m[34mSELECT "users".* FROM "users"[0m
  ↳ app/controllers/users_controller.rb:4:in `index'
[active_model_serializers]   [1m[36mUserSearch Load (1.0ms)[0m  [1m[34mSELECT "user_searches".* FROM "user_searches" INNER JOIN "favorites" ON "user_searches"."id" = "favorites"."user_search_id" WHERE "favorites"."user_id" = $1[0m  [["user_id", 1]]
[active_model_serializers]   ↳ app/controllers/users_controller.rb:4:in `index'
[active_model_serializers] Rendered ActiveModel::Serializer::CollectionSerializer with ActiveModelSerializers::Adapter::Attributes (33.23ms)
Completed 200 OK in 58ms (Views: 33.7ms | ActiveRecord: 20.4ms | Allocations: 22748)


Started GET "/users" for 127.0.0.1 at 2019-12-05 14:26:27 -0800
Processing by UsersController#index as */*
  [1m[36mUser Load (0.9ms)[0m  [1m[34mSELECT "users".* FROM "users"[0m
  ↳ app/controllers/users_controller.rb:4:in `index'
[active_model_serializers]   [1m[36mUserSearch Load (0.6ms)[0m  [1m[34mSELECT "user_searches".* FROM "user_searches" INNER JOIN "favorites" ON "user_searches"."id" = "favorites"."user_search_id" WHERE "favorites"."user_id" = $1[0m  [["user_id", 1]]
[active_model_serializers]   ↳ app/controllers/users_controller.rb:4:in `index'
[active_model_serializers] Rendered ActiveModel::Serializer::CollectionSerializer with ActiveModelSerializers::Adapter::Attributes (5.54ms)
Completed 200 OK in 10ms (Views: 8.4ms | ActiveRecord: 1.5ms | Allocations: 4312)


Started GET "/users" for 127.0.0.1 at 2019-12-05 14:28:12 -0800
Processing by UsersController#index as */*
  [1m[36mUser Load (0.4ms)[0m  [1m[34mSELECT "users".* FROM "users"[0m
  ↳ app/controllers/users_controller.rb:4:in `index'
[active_model_serializers]   [1m[36mUserSearch Load (1.0ms)[0m  [1m[34mSELECT "user_searches".* FROM "user_searches" INNER JOIN "favorites" ON "user_searches"."id" = "favorites"."user_search_id" WHERE "favorites"."user_id" = $1[0m  [["user_id", 1]]
[active_model_serializers]   ↳ app/controllers/users_controller.rb:4:in `index'
[active_model_serializers] Rendered ActiveModel::Serializer::CollectionSerializer with ActiveModelSerializers::Adapter::Attributes (7.91ms)
Completed 200 OK in 10ms (Views: 8.7ms | ActiveRecord: 1.4ms | Allocations: 4312)


Started POST "/users" for 127.0.0.1 at 2019-12-05 14:28:21 -0800
Processing by UsersController#create as JSON
  Parameters: {"user"=>{}}
Completed 400 Bad Request in 0ms (ActiveRecord: 0.0ms | Allocations: 130)


  
ActionController::ParameterMissing (param is missing or the value is empty: user):
  
app/controllers/users_controller.rb:19:in `user_params'
app/controllers/users_controller.rb:11:in `create'
Started GET "/users" for 127.0.0.1 at 2019-12-05 14:29:10 -0800
Processing by UsersController#index as */*
  [1m[36mUser Load (0.5ms)[0m  [1m[34mSELECT "users".* FROM "users"[0m
  ↳ app/controllers/users_controller.rb:4:in `index'
[active_model_serializers]   [1m[36mUserSearch Load (0.8ms)[0m  [1m[34mSELECT "user_searches".* FROM "user_searches" INNER JOIN "favorites" ON "user_searches"."id" = "favorites"."user_search_id" WHERE "favorites"."user_id" = $1[0m  [["user_id", 1]]
[active_model_serializers]   ↳ app/controllers/users_controller.rb:4:in `index'
[active_model_serializers] Rendered ActiveModel::Serializer::CollectionSerializer with ActiveModelSerializers::Adapter::Attributes (6.29ms)
Completed 200 OK in 10ms (Views: 8.7ms | ActiveRecord: 1.3ms | Allocations: 4291)


Started POST "/users" for 127.0.0.1 at 2019-12-05 14:29:18 -0800
Processing by UsersController#create as JSON
  Parameters: {"username"=>"Rachid2", "user"=>{"username"=>"Rachid2"}}
  [1m[35m (0.2ms)[0m  [1m[35mBEGIN[0m
  ↳ app/controllers/users_controller.rb:12:in `create'
  [1m[36mUser Create (1.0ms)[0m  [1m[32mINSERT INTO "users" ("username", "created_at", "updated_at") VALUES ($1, $2, $3) RETURNING "id"[0m  [["username", "Rachid2"], ["created_at", "2019-12-05 22:29:18.303654"], ["updated_at", "2019-12-05 22:29:18.303654"]]
  ↳ app/controllers/users_controller.rb:12:in `create'
  [1m[35m (1.0ms)[0m  [1m[35mCOMMIT[0m
  ↳ app/controllers/users_controller.rb:12:in `create'
Completed 204 No Content in 8ms (ActiveRecord: 2.2ms | Allocations: 2430)


Started GET "/users" for 127.0.0.1 at 2019-12-05 14:29:25 -0800
Processing by UsersController#index as HTML
  [1m[36mUser Load (0.5ms)[0m  [1m[34mSELECT "users".* FROM "users"[0m
  ↳ app/controllers/users_controller.rb:4:in `index'
[active_model_serializers]   [1m[36mUserSearch Load (0.8ms)[0m  [1m[34mSELECT "user_searches".* FROM "user_searches" INNER JOIN "favorites" ON "user_searches"."id" = "favorites"."user_search_id" WHERE "favorites"."user_id" = $1[0m  [["user_id", 1]]
[active_model_serializers]   ↳ app/controllers/users_controller.rb:4:in `index'
[active_model_serializers]   [1m[36mUserSearch Load (0.6ms)[0m  [1m[34mSELECT "user_searches".* FROM "user_searches" INNER JOIN "favorites" ON "user_searches"."id" = "favorites"."user_search_id" WHERE "favorites"."user_id" = $1[0m  [["user_id", 2]]
[active_model_serializers]   ↳ app/controllers/users_controller.rb:4:in `index'
[active_model_serializers] Rendered ActiveModel::Serializer::CollectionSerializer with ActiveModelSerializers::Adapter::Attributes (9.88ms)
Completed 200 OK in 13ms (Views: 10.9ms | ActiveRecord: 2.0ms | Allocations: 5690)


Started POST "/users" for 127.0.0.1 at 2019-12-05 14:29:46 -0800
Processing by UsersController#create as JSON
  Parameters: {"username"=>"Rachid3", "user"=>{"username"=>"Rachid3"}}
  [1m[35m (0.2ms)[0m  [1m[35mBEGIN[0m
  ↳ app/controllers/users_controller.rb:12:in `create'
  [1m[36mUser Create (0.5ms)[0m  [1m[32mINSERT INTO "users" ("username", "created_at", "updated_at") VALUES ($1, $2, $3) RETURNING "id"[0m  [["username", "Rachid3"], ["created_at", "2019-12-05 22:29:46.333009"], ["updated_at", "2019-12-05 22:29:46.333009"]]
  ↳ app/controllers/users_controller.rb:12:in `create'
  [1m[35m (1.0ms)[0m  [1m[35mCOMMIT[0m
  ↳ app/controllers/users_controller.rb:12:in `create'
Completed 204 No Content in 6ms (ActiveRecord: 1.7ms | Allocations: 2137)


Started GET "/user_searches" for 127.0.0.1 at 2019-12-05 14:29:49 -0800
Processing by UserSearchesController#index as HTML
  [1m[36mUserSearch Load (0.5ms)[0m  [1m[34mSELECT "user_searches".* FROM "user_searches"[0m
  ↳ app/controllers/user_searches_controller.rb:6:in `index'
[active_model_serializers] Rendered ActiveModel::Serializer::CollectionSerializer with ActiveModelSerializers::Adapter::Attributes (3.49ms)
Completed 200 OK in 9ms (Views: 8.3ms | ActiveRecord: 0.5ms | Allocations: 4347)


Started GET "/users" for 127.0.0.1 at 2019-12-05 14:29:53 -0800
Processing by UsersController#index as HTML
  [1m[36mUser Load (0.4ms)[0m  [1m[34mSELECT "users".* FROM "users"[0m
  ↳ app/controllers/users_controller.rb:4:in `index'
[active_model_serializers]   [1m[36mUserSearch Load (0.6ms)[0m  [1m[34mSELECT "user_searches".* FROM "user_searches" INNER JOIN "favorites" ON "user_searches"."id" = "favorites"."user_search_id" WHERE "favorites"."user_id" = $1[0m  [["user_id", 1]]
[active_model_serializers]   ↳ app/controllers/users_controller.rb:4:in `index'
[active_model_serializers]   [1m[36mUserSearch Load (0.4ms)[0m  [1m[34mSELECT "user_searches".* FROM "user_searches" INNER JOIN "favorites" ON "user_searches"."id" = "favorites"."user_search_id" WHERE "favorites"."user_id" = $1[0m  [["user_id", 2]]
[active_model_serializers]   ↳ app/controllers/users_controller.rb:4:in `index'
[active_model_serializers]   [1m[36mUserSearch Load (0.3ms)[0m  [1m[34mSELECT "user_searches".* FROM "user_searches" INNER JOIN "favorites" ON "user_searches"."id" = "favorites"."user_search_id" WHERE "favorites"."user_id" = $1[0m  [["user_id", 3]]
[active_model_serializers]   ↳ app/controllers/users_controller.rb:4:in `index'
[active_model_serializers] Rendered ActiveModel::Serializer::CollectionSerializer with ActiveModelSerializers::Adapter::Attributes (12.15ms)
Completed 200 OK in 16ms (Views: 13.6ms | ActiveRecord: 1.7ms | Allocations: 7056)


Started GET "/users" for 127.0.0.1 at 2019-12-05 14:40:22 -0800
  [1m[35m (0.9ms)[0m  [1m[34mSELECT "schema_migrations"."version" FROM "schema_migrations" ORDER BY "schema_migrations"."version" ASC[0m
Processing by UsersController#index as */*
  [1m[36mUser Load (0.7ms)[0m  [1m[34mSELECT "users".* FROM "users"[0m
  ↳ app/controllers/users_controller.rb:4:in `index'
[active_model_serializers]   [1m[36mUserSearch Load (1.1ms)[0m  [1m[34mSELECT "user_searches".* FROM "user_searches" INNER JOIN "favorites" ON "user_searches"."id" = "favorites"."user_search_id" WHERE "favorites"."user_id" = $1[0m  [["user_id", 1]]
[active_model_serializers]   ↳ app/controllers/users_controller.rb:4:in `index'
[active_model_serializers]   [1m[36mUserSearch Load (0.6ms)[0m  [1m[34mSELECT "user_searches".* FROM "user_searches" INNER JOIN "favorites" ON "user_searches"."id" = "favorites"."user_search_id" WHERE "favorites"."user_id" = $1[0m  [["user_id", 2]]
[active_model_serializers]   ↳ app/controllers/users_controller.rb:4:in `index'
[active_model_serializers]   [1m[36mUserSearch Load (0.5ms)[0m  [1m[34mSELECT "user_searches".* FROM "user_searches" INNER JOIN "favorites" ON "user_searches"."id" = "favorites"."user_search_id" WHERE "favorites"."user_id" = $1[0m  [["user_id", 3]]
[active_model_serializers]   ↳ app/controllers/users_controller.rb:4:in `index'
[active_model_serializers] Rendered ActiveModel::Serializer::CollectionSerializer with ActiveModelSerializers::Adapter::Attributes (63.07ms)
Completed 200 OK in 82ms (Views: 60.7ms | ActiveRecord: 17.6ms | Allocations: 25550)


Started POST "/user_searches" for 127.0.0.1 at 2019-12-05 14:40:34 -0800
Processing by UserSearchesController#create as JSON
  Parameters: {"username"=>"rachid1", "user_search"=>{"reddit_username"=>"mike", "top_listing_name"=>"Nice", "top_listing_likes"=>6566, "top_listing_link"=>"https://i.redd.it/idi6orhl1hb31.jpg", "fav_sub_name"=>"AskReddit", "most_children_name"=>"Nice", "Most_children_likes"=>3, "most_children_link"=>"https://i.redd.it/idi6orhl1hb31.jpg"}}
  [1m[35m (0.5ms)[0m  [1m[35mBEGIN[0m
  ↳ app/controllers/user_searches_controller.rb:12:in `create'
  [1m[36mUserSearch Create (1.5ms)[0m  [1m[32mINSERT INTO "user_searches" ("reddit_username", "top_listing_name", "top_listing_likes", "top_listing_link", "fav_sub_name", "most_children_name", "Most_children_likes", "most_children_link", "created_at", "updated_at") VALUES ($1, $2, $3, $4, $5, $6, $7, $8, $9, $10) RETURNING "id"[0m  [["reddit_username", "mike"], ["top_listing_name", "Nice"], ["top_listing_likes", 6566], ["top_listing_link", "https://i.redd.it/idi6orhl1hb31.jpg"], ["fav_sub_name", "AskReddit"], ["most_children_name", "Nice"], ["Most_children_likes", 3], ["most_children_link", "https://i.redd.it/idi6orhl1hb31.jpg"], ["created_at", "2019-12-05 22:40:34.471887"], ["updated_at", "2019-12-05 22:40:34.471887"]]
  ↳ app/controllers/user_searches_controller.rb:12:in `create'
  [1m[35m (1.1ms)[0m  [1m[35mCOMMIT[0m
  ↳ app/controllers/user_searches_controller.rb:12:in `create'
  [1m[36mUser Load (0.6ms)[0m  [1m[34mSELECT "users".* FROM "users" WHERE "users"."username" = $1 LIMIT $2[0m  [["username", "rachid1"], ["LIMIT", 1]]
  ↳ app/controllers/user_searches_controller.rb:14:in `create'
  [1m[35m (0.5ms)[0m  [1m[35mBEGIN[0m
  ↳ app/controllers/user_searches_controller.rb:16:in `create'
  [1m[36mUser Load (0.3ms)[0m  [1m[34mSELECT "users".* FROM "users" WHERE "users"."id" = $1 LIMIT $2[0m  [["id", 1], ["LIMIT", 1]]
  ↳ app/controllers/user_searches_controller.rb:16:in `create'
  [1m[36mUserSearch Load (0.3ms)[0m  [1m[34mSELECT "user_searches".* FROM "user_searches" WHERE "user_searches"."id" = $1 LIMIT $2[0m  [["id", 15], ["LIMIT", 1]]
  ↳ app/controllers/user_searches_controller.rb:16:in `create'
  [1m[36mFavorite Create (0.5ms)[0m  [1m[32mINSERT INTO "favorites" ("user_id", "user_search_id", "created_at", "updated_at") VALUES ($1, $2, $3, $4) RETURNING "id"[0m  [["user_id", 1], ["user_search_id", 15], ["created_at", "2019-12-05 22:40:34.500533"], ["updated_at", "2019-12-05 22:40:34.500533"]]
  ↳ app/controllers/user_searches_controller.rb:16:in `create'
  [1m[35m (0.6ms)[0m  [1m[35mCOMMIT[0m
  ↳ app/controllers/user_searches_controller.rb:16:in `create'
Completed 204 No Content in 34ms (ActiveRecord: 10.1ms | Allocations: 10878)


Started POST "/user_searches" for 127.0.0.1 at 2019-12-05 14:40:41 -0800
Processing by UserSearchesController#create as JSON
  Parameters: {"username"=>"rachid1", "user_search"=>{"reddit_username"=>"mike", "top_listing_name"=>"Nice", "top_listing_likes"=>6563, "top_listing_link"=>"https://i.redd.it/idi6orhl1hb31.jpg", "fav_sub_name"=>"AskReddit", "most_children_name"=>"Nice", "Most_children_likes"=>3, "most_children_link"=>"https://i.redd.it/idi6orhl1hb31.jpg"}}
  [1m[35m (0.2ms)[0m  [1m[35mBEGIN[0m
  ↳ app/controllers/user_searches_controller.rb:12:in `create'
  [1m[36mUserSearch Create (0.7ms)[0m  [1m[32mINSERT INTO "user_searches" ("reddit_username", "top_listing_name", "top_listing_likes", "top_listing_link", "fav_sub_name", "most_children_name", "Most_children_likes", "most_children_link", "created_at", "updated_at") VALUES ($1, $2, $3, $4, $5, $6, $7, $8, $9, $10) RETURNING "id"[0m  [["reddit_username", "mike"], ["top_listing_name", "Nice"], ["top_listing_likes", 6563], ["top_listing_link", "https://i.redd.it/idi6orhl1hb31.jpg"], ["fav_sub_name", "AskReddit"], ["most_children_name", "Nice"], ["Most_children_likes", 3], ["most_children_link", "https://i.redd.it/idi6orhl1hb31.jpg"], ["created_at", "2019-12-05 22:40:41.661644"], ["updated_at", "2019-12-05 22:40:41.661644"]]
  ↳ app/controllers/user_searches_controller.rb:12:in `create'
  [1m[35m (0.7ms)[0m  [1m[35mCOMMIT[0m
  ↳ app/controllers/user_searches_controller.rb:12:in `create'
  [1m[36mUser Load (0.4ms)[0m  [1m[34mSELECT "users".* FROM "users" WHERE "users"."username" = $1 LIMIT $2[0m  [["username", "rachid1"], ["LIMIT", 1]]
  ↳ app/controllers/user_searches_controller.rb:14:in `create'
  [1m[35m (0.2ms)[0m  [1m[35mBEGIN[0m
  ↳ app/controllers/user_searches_controller.rb:16:in `create'
  [1m[36mUser Load (0.5ms)[0m  [1m[34mSELECT "users".* FROM "users" WHERE "users"."id" = $1 LIMIT $2[0m  [["id", 1], ["LIMIT", 1]]
  ↳ app/controllers/user_searches_controller.rb:16:in `create'
  [1m[36mUserSearch Load (0.4ms)[0m  [1m[34mSELECT "user_searches".* FROM "user_searches" WHERE "user_searches"."id" = $1 LIMIT $2[0m  [["id", 16], ["LIMIT", 1]]
  ↳ app/controllers/user_searches_controller.rb:16:in `create'
  [1m[36mFavorite Create (0.7ms)[0m  [1m[32mINSERT INTO "favorites" ("user_id", "user_search_id", "created_at", "updated_at") VALUES ($1, $2, $3, $4) RETURNING "id"[0m  [["user_id", 1], ["user_search_id", 16], ["created_at", "2019-12-05 22:40:41.676344"], ["updated_at", "2019-12-05 22:40:41.676344"]]
  ↳ app/controllers/user_searches_controller.rb:16:in `create'
  [1m[35m (0.8ms)[0m  [1m[35mCOMMIT[0m
  ↳ app/controllers/user_searches_controller.rb:16:in `create'
Completed 204 No Content in 21ms (ActiveRecord: 4.5ms | Allocations: 7000)


Started GET "/users" for 127.0.0.1 at 2019-12-05 14:41:32 -0800
Processing by UsersController#index as */*
  [1m[36mUser Load (0.4ms)[0m  [1m[34mSELECT "users".* FROM "users"[0m
  ↳ app/controllers/users_controller.rb:4:in `index'
[active_model_serializers]   [1m[36mUserSearch Load (0.7ms)[0m  [1m[34mSELECT "user_searches".* FROM "user_searches" INNER JOIN "favorites" ON "user_searches"."id" = "favorites"."user_search_id" WHERE "favorites"."user_id" = $1[0m  [["user_id", 1]]
[active_model_serializers]   ↳ app/controllers/users_controller.rb:4:in `index'
[active_model_serializers]   [1m[36mUserSearch Load (0.6ms)[0m  [1m[34mSELECT "user_searches".* FROM "user_searches" INNER JOIN "favorites" ON "user_searches"."id" = "favorites"."user_search_id" WHERE "favorites"."user_id" = $1[0m  [["user_id", 2]]
[active_model_serializers]   ↳ app/controllers/users_controller.rb:4:in `index'
[active_model_serializers]   [1m[36mUserSearch Load (0.5ms)[0m  [1m[34mSELECT "user_searches".* FROM "user_searches" INNER JOIN "favorites" ON "user_searches"."id" = "favorites"."user_search_id" WHERE "favorites"."user_id" = $1[0m  [["user_id", 3]]
[active_model_serializers]   ↳ app/controllers/users_controller.rb:4:in `index'
[active_model_serializers] Rendered ActiveModel::Serializer::CollectionSerializer with ActiveModelSerializers::Adapter::Attributes (10.51ms)
Completed 200 OK in 13ms (Views: 10.6ms | ActiveRecord: 2.1ms | Allocations: 7471)


Started GET "/users" for 127.0.0.1 at 2019-12-05 14:41:36 -0800
Processing by UsersController#index as */*
  [1m[36mUser Load (0.6ms)[0m  [1m[34mSELECT "users".* FROM "users"[0m
  ↳ app/controllers/users_controller.rb:4:in `index'
[active_model_serializers]   [1m[36mUserSearch Load (0.5ms)[0m  [1m[34mSELECT "user_searches".* FROM "user_searches" INNER JOIN "favorites" ON "user_searches"."id" = "favorites"."user_search_id" WHERE "favorites"."user_id" = $1[0m  [["user_id", 1]]
[active_model_serializers]   ↳ app/controllers/users_controller.rb:4:in `index'
[active_model_serializers]   [1m[36mUserSearch Load (0.4ms)[0m  [1m[34mSELECT "user_searches".* FROM "user_searches" INNER JOIN "favorites" ON "user_searches"."id" = "favorites"."user_search_id" WHERE "favorites"."user_id" = $1[0m  [["user_id", 2]]
[active_model_serializers]   ↳ app/controllers/users_controller.rb:4:in `index'
[active_model_serializers]   [1m[36mUserSearch Load (0.3ms)[0m  [1m[34mSELECT "user_searches".* FROM "user_searches" INNER JOIN "favorites" ON "user_searches"."id" = "favorites"."user_search_id" WHERE "favorites"."user_id" = $1[0m  [["user_id", 3]]
[active_model_serializers]   ↳ app/controllers/users_controller.rb:4:in `index'
[active_model_serializers] Rendered ActiveModel::Serializer::CollectionSerializer with ActiveModelSerializers::Adapter::Attributes (10.59ms)
Completed 200 OK in 15ms (Views: 12.6ms | ActiveRecord: 1.9ms | Allocations: 7471)


Started POST "/user_searches" for 127.0.0.1 at 2019-12-05 14:41:45 -0800
Processing by UserSearchesController#create as JSON
  Parameters: {"username"=>"rachid1", "user_search"=>{"reddit_username"=>"spez", "top_listing_name"=>"Reddit search might work by then.", "top_listing_likes"=>22205, "top_listing_link"=>"https://www.reddit.com/r/announcements/comments/59k22p/hey_its_reddits_totally_politically_neutral_ceo/", "fav_sub_name"=>"announcements", "most_children_name"=>"No. We don’t negotiate with terrorists. ", "Most_children_likes"=>10, "most_children_link"=>"https://www.reddit.com/r/announcements/comments/7jsyqt/the_fccs_vote_was_predictably_frustrating_but/"}}
  [1m[35m (0.2ms)[0m  [1m[35mBEGIN[0m
  ↳ app/controllers/user_searches_controller.rb:12:in `create'
  [1m[36mUserSearch Create (1.1ms)[0m  [1m[32mINSERT INTO "user_searches" ("reddit_username", "top_listing_name", "top_listing_likes", "top_listing_link", "fav_sub_name", "most_children_name", "Most_children_likes", "most_children_link", "created_at", "updated_at") VALUES ($1, $2, $3, $4, $5, $6, $7, $8, $9, $10) RETURNING "id"[0m  [["reddit_username", "spez"], ["top_listing_name", "Reddit search might work by then."], ["top_listing_likes", 22205], ["top_listing_link", "https://www.reddit.com/r/announcements/comments/59k22p/hey_its_reddits_totally_politically_neutral_ceo/"], ["fav_sub_name", "announcements"], ["most_children_name", "No. We don’t negotiate with terrorists. "], ["Most_children_likes", 10], ["most_children_link", "https://www.reddit.com/r/announcements/comments/7jsyqt/the_fccs_vote_was_predictably_frustrating_but/"], ["created_at", "2019-12-05 22:41:45.654712"], ["updated_at", "2019-12-05 22:41:45.654712"]]
  ↳ app/controllers/user_searches_controller.rb:12:in `create'
  [1m[35m (0.5ms)[0m  [1m[35mCOMMIT[0m
  ↳ app/controllers/user_searches_controller.rb:12:in `create'
  [1m[36mUser Load (0.8ms)[0m  [1m[34mSELECT "users".* FROM "users" WHERE "users"."username" = $1 LIMIT $2[0m  [["username", "rachid1"], ["LIMIT", 1]]
  ↳ app/controllers/user_searches_controller.rb:14:in `create'
  [1m[35m (0.2ms)[0m  [1m[35mBEGIN[0m
  ↳ app/controllers/user_searches_controller.rb:16:in `create'
  [1m[36mUser Load (0.6ms)[0m  [1m[34mSELECT "users".* FROM "users" WHERE "users"."id" = $1 LIMIT $2[0m  [["id", 1], ["LIMIT", 1]]
  ↳ app/controllers/user_searches_controller.rb:16:in `create'
  [1m[36mUserSearch Load (0.5ms)[0m  [1m[34mSELECT "user_searches".* FROM "user_searches" WHERE "user_searches"."id" = $1 LIMIT $2[0m  [["id", 17], ["LIMIT", 1]]
  ↳ app/controllers/user_searches_controller.rb:16:in `create'
  [1m[36mFavorite Create (1.0ms)[0m  [1m[32mINSERT INTO "favorites" ("user_id", "user_search_id", "created_at", "updated_at") VALUES ($1, $2, $3, $4) RETURNING "id"[0m  [["user_id", 1], ["user_search_id", 17], ["created_at", "2019-12-05 22:41:45.673362"], ["updated_at", "2019-12-05 22:41:45.673362"]]
  ↳ app/controllers/user_searches_controller.rb:16:in `create'
  [1m[35m (0.5ms)[0m  [1m[35mCOMMIT[0m
  ↳ app/controllers/user_searches_controller.rb:16:in `create'
Completed 204 No Content in 27ms (ActiveRecord: 5.4ms | Allocations: 6983)


Started GET "/users" for 127.0.0.1 at 2019-12-05 14:42:44 -0800
Processing by UsersController#index as */*
  [1m[36mUser Load (0.5ms)[0m  [1m[34mSELECT "users".* FROM "users"[0m
  ↳ app/controllers/users_controller.rb:4:in `index'
[active_model_serializers]   [1m[36mUserSearch Load (0.4ms)[0m  [1m[34mSELECT "user_searches".* FROM "user_searches" INNER JOIN "favorites" ON "user_searches"."id" = "favorites"."user_search_id" WHERE "favorites"."user_id" = $1[0m  [["user_id", 1]]
[active_model_serializers]   ↳ app/controllers/users_controller.rb:4:in `index'
[active_model_serializers]   [1m[36mUserSearch Load (0.3ms)[0m  [1m[34mSELECT "user_searches".* FROM "user_searches" INNER JOIN "favorites" ON "user_searches"."id" = "favorites"."user_search_id" WHERE "favorites"."user_id" = $1[0m  [["user_id", 2]]
[active_model_serializers]   ↳ app/controllers/users_controller.rb:4:in `index'
[active_model_serializers]   [1m[36mUserSearch Load (0.6ms)[0m  [1m[34mSELECT "user_searches".* FROM "user_searches" INNER JOIN "favorites" ON "user_searches"."id" = "favorites"."user_search_id" WHERE "favorites"."user_id" = $1[0m  [["user_id", 3]]
[active_model_serializers]   ↳ app/controllers/users_controller.rb:4:in `index'
[active_model_serializers] Rendered ActiveModel::Serializer::CollectionSerializer with ActiveModelSerializers::Adapter::Attributes (14.4ms)
Completed 200 OK in 18ms (Views: 15.3ms | ActiveRecord: 1.8ms | Allocations: 7652)


Started POST "/user_searches" for 127.0.0.1 at 2019-12-05 14:42:51 -0800
Processing by UserSearchesController#create as JSON
  Parameters: {"username"=>"rachid1", "user_search"=>{"reddit_username"=>"spez", "top_listing_name"=>"Reddit search might work by then.", "top_listing_likes"=>22207, "top_listing_link"=>"https://www.reddit.com/r/announcements/comments/59k22p/hey_its_reddits_totally_politically_neutral_ceo/", "fav_sub_name"=>"announcements", "most_children_name"=>"No. We don’t negotiate with terrorists. ", "Most_children_likes"=>10, "most_children_link"=>"https://www.reddit.com/r/announcements/comments/7jsyqt/the_fccs_vote_was_predictably_frustrating_but/"}}
  [1m[35m (0.2ms)[0m  [1m[35mBEGIN[0m
  ↳ app/controllers/user_searches_controller.rb:12:in `create'
  [1m[36mUserSearch Create (0.7ms)[0m  [1m[32mINSERT INTO "user_searches" ("reddit_username", "top_listing_name", "top_listing_likes", "top_listing_link", "fav_sub_name", "most_children_name", "Most_children_likes", "most_children_link", "created_at", "updated_at") VALUES ($1, $2, $3, $4, $5, $6, $7, $8, $9, $10) RETURNING "id"[0m  [["reddit_username", "spez"], ["top_listing_name", "Reddit search might work by then."], ["top_listing_likes", 22207], ["top_listing_link", "https://www.reddit.com/r/announcements/comments/59k22p/hey_its_reddits_totally_politically_neutral_ceo/"], ["fav_sub_name", "announcements"], ["most_children_name", "No. We don’t negotiate with terrorists. "], ["Most_children_likes", 10], ["most_children_link", "https://www.reddit.com/r/announcements/comments/7jsyqt/the_fccs_vote_was_predictably_frustrating_but/"], ["created_at", "2019-12-05 22:42:51.485072"], ["updated_at", "2019-12-05 22:42:51.485072"]]
  ↳ app/controllers/user_searches_controller.rb:12:in `create'
  [1m[35m (0.8ms)[0m  [1m[35mCOMMIT[0m
  ↳ app/controllers/user_searches_controller.rb:12:in `create'
  [1m[36mUser Load (0.7ms)[0m  [1m[34mSELECT "users".* FROM "users" WHERE "users"."username" = $1 LIMIT $2[0m  [["username", "rachid1"], ["LIMIT", 1]]
  ↳ app/controllers/user_searches_controller.rb:14:in `create'
  [1m[35m (0.2ms)[0m  [1m[35mBEGIN[0m
  ↳ app/controllers/user_searches_controller.rb:16:in `create'
  [1m[36mUser Load (0.5ms)[0m  [1m[34mSELECT "users".* FROM "users" WHERE "users"."id" = $1 LIMIT $2[0m  [["id", 1], ["LIMIT", 1]]
  ↳ app/controllers/user_searches_controller.rb:16:in `create'
  [1m[36mUserSearch Load (1.2ms)[0m  [1m[34mSELECT "user_searches".* FROM "user_searches" WHERE "user_searches"."id" = $1 LIMIT $2[0m  [["id", 18], ["LIMIT", 1]]
  ↳ app/controllers/user_searches_controller.rb:16:in `create'
  [1m[36mFavorite Create (0.6ms)[0m  [1m[32mINSERT INTO "favorites" ("user_id", "user_search_id", "created_at", "updated_at") VALUES ($1, $2, $3, $4) RETURNING "id"[0m  [["user_id", 1], ["user_search_id", 18], ["created_at", "2019-12-05 22:42:51.533774"], ["updated_at", "2019-12-05 22:42:51.533774"]]
  ↳ app/controllers/user_searches_controller.rb:16:in `create'
  [1m[35m (0.5ms)[0m  [1m[35mCOMMIT[0m
  ↳ app/controllers/user_searches_controller.rb:16:in `create'
Completed 204 No Content in 53ms (ActiveRecord: 5.5ms | Allocations: 6985)


Started POST "/user_searches" for 127.0.0.1 at 2019-12-05 14:43:00 -0800
Processing by UserSearchesController#create as JSON
  Parameters: {"username"=>"rachid1", "user_search"=>{"reddit_username"=>"spez", "top_listing_name"=>"Reddit search might work by then.", "top_listing_likes"=>22204, "top_listing_link"=>"https://www.reddit.com/r/announcements/comments/59k22p/hey_its_reddits_totally_politically_neutral_ceo/", "fav_sub_name"=>"announcements", "most_children_name"=>"No. We don’t negotiate with terrorists. ", "Most_children_likes"=>10, "most_children_link"=>"https://www.reddit.com/r/announcements/comments/7jsyqt/the_fccs_vote_was_predictably_frustrating_but/"}}
  [1m[35m (0.2ms)[0m  [1m[35mBEGIN[0m
  ↳ app/controllers/user_searches_controller.rb:12:in `create'
  [1m[36mUserSearch Create (1.1ms)[0m  [1m[32mINSERT INTO "user_searches" ("reddit_username", "top_listing_name", "top_listing_likes", "top_listing_link", "fav_sub_name", "most_children_name", "Most_children_likes", "most_children_link", "created_at", "updated_at") VALUES ($1, $2, $3, $4, $5, $6, $7, $8, $9, $10) RETURNING "id"[0m  [["reddit_username", "spez"], ["top_listing_name", "Reddit search might work by then."], ["top_listing_likes", 22204], ["top_listing_link", "https://www.reddit.com/r/announcements/comments/59k22p/hey_its_reddits_totally_politically_neutral_ceo/"], ["fav_sub_name", "announcements"], ["most_children_name", "No. We don’t negotiate with terrorists. "], ["Most_children_likes", 10], ["most_children_link", "https://www.reddit.com/r/announcements/comments/7jsyqt/the_fccs_vote_was_predictably_frustrating_but/"], ["created_at", "2019-12-05 22:43:00.075282"], ["updated_at", "2019-12-05 22:43:00.075282"]]
  ↳ app/controllers/user_searches_controller.rb:12:in `create'
  [1m[35m (0.6ms)[0m  [1m[35mCOMMIT[0m
  ↳ app/controllers/user_searches_controller.rb:12:in `create'
  [1m[36mUser Load (0.4ms)[0m  [1m[34mSELECT "users".* FROM "users" WHERE "users"."username" = $1 LIMIT $2[0m  [["username", "rachid1"], ["LIMIT", 1]]
  ↳ app/controllers/user_searches_controller.rb:14:in `create'
  [1m[35m (0.2ms)[0m  [1m[35mBEGIN[0m
  ↳ app/controllers/user_searches_controller.rb:16:in `create'
  [1m[36mUser Load (0.6ms)[0m  [1m[34mSELECT "users".* FROM "users" WHERE "users"."id" = $1 LIMIT $2[0m  [["id", 1], ["LIMIT", 1]]
  ↳ app/controllers/user_searches_controller.rb:16:in `create'
  [1m[36mUserSearch Load (0.5ms)[0m  [1m[34mSELECT "user_searches".* FROM "user_searches" WHERE "user_searches"."id" = $1 LIMIT $2[0m  [["id", 19], ["LIMIT", 1]]
  ↳ app/controllers/user_searches_controller.rb:16:in `create'
  [1m[36mFavorite Create (0.5ms)[0m  [1m[32mINSERT INTO "favorites" ("user_id", "user_search_id", "created_at", "updated_at") VALUES ($1, $2, $3, $4) RETURNING "id"[0m  [["user_id", 1], ["user_search_id", 19], ["created_at", "2019-12-05 22:43:00.093680"], ["updated_at", "2019-12-05 22:43:00.093680"]]
  ↳ app/controllers/user_searches_controller.rb:16:in `create'
  [1m[35m (0.6ms)[0m  [1m[35mCOMMIT[0m
  ↳ app/controllers/user_searches_controller.rb:16:in `create'
Completed 204 No Content in 23ms (ActiveRecord: 4.8ms | Allocations: 6991)


Started GET "/users" for 127.0.0.1 at 2019-12-05 14:43:17 -0800
Processing by UsersController#index as */*
  [1m[36mUser Load (0.7ms)[0m  [1m[34mSELECT "users".* FROM "users"[0m
  ↳ app/controllers/users_controller.rb:4:in `index'
[active_model_serializers]   [1m[36mUserSearch Load (1.2ms)[0m  [1m[34mSELECT "user_searches".* FROM "user_searches" INNER JOIN "favorites" ON "user_searches"."id" = "favorites"."user_search_id" WHERE "favorites"."user_id" = $1[0m  [["user_id", 1]]
[active_model_serializers]   ↳ app/controllers/users_controller.rb:4:in `index'
[active_model_serializers]   [1m[36mUserSearch Load (0.7ms)[0m  [1m[34mSELECT "user_searches".* FROM "user_searches" INNER JOIN "favorites" ON "user_searches"."id" = "favorites"."user_search_id" WHERE "favorites"."user_id" = $1[0m  [["user_id", 2]]
[active_model_serializers]   ↳ app/controllers/users_controller.rb:4:in `index'
[active_model_serializers]   [1m[36mUserSearch Load (0.8ms)[0m  [1m[34mSELECT "user_searches".* FROM "user_searches" INNER JOIN "favorites" ON "user_searches"."id" = "favorites"."user_search_id" WHERE "favorites"."user_id" = $1[0m  [["user_id", 3]]
[active_model_serializers]   ↳ app/controllers/users_controller.rb:4:in `index'
[active_model_serializers] Rendered ActiveModel::Serializer::CollectionSerializer with ActiveModelSerializers::Adapter::Attributes (17.23ms)
Completed 200 OK in 21ms (Views: 17.9ms | ActiveRecord: 3.3ms | Allocations: 8051)


Started POST "/user_searches" for 127.0.0.1 at 2019-12-05 14:43:25 -0800
Processing by UserSearchesController#create as JSON
  Parameters: {"username"=>"rachid1", "user_search"=>{"reddit_username"=>"mike", "top_listing_name"=>"Nice", "top_listing_likes"=>6560, "top_listing_link"=>"https://i.redd.it/idi6orhl1hb31.jpg", "fav_sub_name"=>"AskReddit", "most_children_name"=>"Nice", "Most_children_likes"=>3, "most_children_link"=>"https://i.redd.it/idi6orhl1hb31.jpg"}}
  [1m[35m (0.2ms)[0m  [1m[35mBEGIN[0m
  ↳ app/controllers/user_searches_controller.rb:12:in `create'
  [1m[36mUserSearch Create (1.2ms)[0m  [1m[32mINSERT INTO "user_searches" ("reddit_username", "top_listing_name", "top_listing_likes", "top_listing_link", "fav_sub_name", "most_children_name", "Most_children_likes", "most_children_link", "created_at", "updated_at") VALUES ($1, $2, $3, $4, $5, $6, $7, $8, $9, $10) RETURNING "id"[0m  [["reddit_username", "mike"], ["top_listing_name", "Nice"], ["top_listing_likes", 6560], ["top_listing_link", "https://i.redd.it/idi6orhl1hb31.jpg"], ["fav_sub_name", "AskReddit"], ["most_children_name", "Nice"], ["Most_children_likes", 3], ["most_children_link", "https://i.redd.it/idi6orhl1hb31.jpg"], ["created_at", "2019-12-05 22:43:25.119843"], ["updated_at", "2019-12-05 22:43:25.119843"]]
  ↳ app/controllers/user_searches_controller.rb:12:in `create'
  [1m[35m (0.9ms)[0m  [1m[35mCOMMIT[0m
  ↳ app/controllers/user_searches_controller.rb:12:in `create'
  [1m[36mUser Load (0.7ms)[0m  [1m[34mSELECT "users".* FROM "users" WHERE "users"."username" = $1 LIMIT $2[0m  [["username", "rachid1"], ["LIMIT", 1]]
  ↳ app/controllers/user_searches_controller.rb:14:in `create'
  [1m[35m (0.2ms)[0m  [1m[35mBEGIN[0m
  ↳ app/controllers/user_searches_controller.rb:16:in `create'
  [1m[36mUser Load (0.4ms)[0m  [1m[34mSELECT "users".* FROM "users" WHERE "users"."id" = $1 LIMIT $2[0m  [["id", 1], ["LIMIT", 1]]
  ↳ app/controllers/user_searches_controller.rb:16:in `create'
  [1m[36mUserSearch Load (0.6ms)[0m  [1m[34mSELECT "user_searches".* FROM "user_searches" WHERE "user_searches"."id" = $1 LIMIT $2[0m  [["id", 20], ["LIMIT", 1]]
  ↳ app/controllers/user_searches_controller.rb:16:in `create'
  [1m[36mFavorite Create (0.7ms)[0m  [1m[32mINSERT INTO "favorites" ("user_id", "user_search_id", "created_at", "updated_at") VALUES ($1, $2, $3, $4) RETURNING "id"[0m  [["user_id", 1], ["user_search_id", 20], ["created_at", "2019-12-05 22:43:25.135775"], ["updated_at", "2019-12-05 22:43:25.135775"]]
  ↳ app/controllers/user_searches_controller.rb:16:in `create'
  [1m[35m (1.4ms)[0m  [1m[35mCOMMIT[0m
  ↳ app/controllers/user_searches_controller.rb:16:in `create'
Completed 204 No Content in 23ms (ActiveRecord: 6.4ms | Allocations: 6979)


Started POST "/user_searches" for 127.0.0.1 at 2019-12-05 14:44:16 -0800
Processing by UserSearchesController#create as JSON
  Parameters: {"username"=>"rachid1", "user_search"=>{"reddit_username"=>"spez", "top_listing_name"=>"Reddit search might work by then.", "top_listing_likes"=>22207, "top_listing_link"=>"https://www.reddit.com/r/announcements/comments/59k22p/hey_its_reddits_totally_politically_neutral_ceo/", "fav_sub_name"=>"announcements", "most_children_name"=>"No. We don’t negotiate with terrorists. ", "Most_children_likes"=>10, "most_children_link"=>"https://www.reddit.com/r/announcements/comments/7jsyqt/the_fccs_vote_was_predictably_frustrating_but/"}}
  [1m[35m (0.2ms)[0m  [1m[35mBEGIN[0m
  ↳ app/controllers/user_searches_controller.rb:12:in `create'
  [1m[36mUserSearch Create (0.9ms)[0m  [1m[32mINSERT INTO "user_searches" ("reddit_username", "top_listing_name", "top_listing_likes", "top_listing_link", "fav_sub_name", "most_children_name", "Most_children_likes", "most_children_link", "created_at", "updated_at") VALUES ($1, $2, $3, $4, $5, $6, $7, $8, $9, $10) RETURNING "id"[0m  [["reddit_username", "spez"], ["top_listing_name", "Reddit search might work by then."], ["top_listing_likes", 22207], ["top_listing_link", "https://www.reddit.com/r/announcements/comments/59k22p/hey_its_reddits_totally_politically_neutral_ceo/"], ["fav_sub_name", "announcements"], ["most_children_name", "No. We don’t negotiate with terrorists. "], ["Most_children_likes", 10], ["most_children_link", "https://www.reddit.com/r/announcements/comments/7jsyqt/the_fccs_vote_was_predictably_frustrating_but/"], ["created_at", "2019-12-05 22:44:16.881548"], ["updated_at", "2019-12-05 22:44:16.881548"]]
  ↳ app/controllers/user_searches_controller.rb:12:in `create'
  [1m[35m (1.3ms)[0m  [1m[35mCOMMIT[0m
  ↳ app/controllers/user_searches_controller.rb:12:in `create'
  [1m[36mUser Load (0.3ms)[0m  [1m[34mSELECT "users".* FROM "users" WHERE "users"."username" = $1 LIMIT $2[0m  [["username", "rachid1"], ["LIMIT", 1]]
  ↳ app/controllers/user_searches_controller.rb:14:in `create'
  [1m[35m (0.2ms)[0m  [1m[35mBEGIN[0m
  ↳ app/controllers/user_searches_controller.rb:16:in `create'
  [1m[36mUser Load (0.8ms)[0m  [1m[34mSELECT "users".* FROM "users" WHERE "users"."id" = $1 LIMIT $2[0m  [["id", 1], ["LIMIT", 1]]
  ↳ app/controllers/user_searches_controller.rb:16:in `create'
  [1m[36mUserSearch Load (0.5ms)[0m  [1m[34mSELECT "user_searches".* FROM "user_searches" WHERE "user_searches"."id" = $1 LIMIT $2[0m  [["id", 21], ["LIMIT", 1]]
  ↳ app/controllers/user_searches_controller.rb:16:in `create'
  [1m[36mFavorite Create (0.6ms)[0m  [1m[32mINSERT INTO "favorites" ("user_id", "user_search_id", "created_at", "updated_at") VALUES ($1, $2, $3, $4) RETURNING "id"[0m  [["user_id", 1], ["user_search_id", 21], ["created_at", "2019-12-05 22:44:16.898796"], ["updated_at", "2019-12-05 22:44:16.898796"]]
  ↳ app/controllers/user_searches_controller.rb:16:in `create'
  [1m[35m (1.0ms)[0m  [1m[35mCOMMIT[0m
  ↳ app/controllers/user_searches_controller.rb:16:in `create'
Completed 204 No Content in 23ms (ActiveRecord: 5.8ms | Allocations: 6981)


Started GET "/user_searches" for 127.0.0.1 at 2019-12-05 14:58:25 -0800
  [1m[35m (1.5ms)[0m  [1m[34mSELECT "schema_migrations"."version" FROM "schema_migrations" ORDER BY "schema_migrations"."version" ASC[0m
Processing by UserSearchesController#index as HTML
  [1m[36mUserSearch Load (1.4ms)[0m  [1m[34mSELECT "user_searches".* FROM "user_searches"[0m
  ↳ app/controllers/user_searches_controller.rb:6:in `index'
[active_model_serializers] Rendered ActiveModel::Serializer::CollectionSerializer with ActiveModelSerializers::Adapter::Attributes (3.8ms)
Completed 200 OK in 71ms (Views: 29.9ms | ActiveRecord: 12.1ms | Allocations: 15917)


Started GET "/users" for 127.0.0.1 at 2019-12-05 15:54:26 -0800
  [1m[35m (2.6ms)[0m  [1m[34mSELECT "schema_migrations"."version" FROM "schema_migrations" ORDER BY "schema_migrations"."version" ASC[0m
Processing by UsersController#index as HTML
  [1m[36mUser Load (0.7ms)[0m  [1m[34mSELECT "users".* FROM "users"[0m
  ↳ app/controllers/users_controller.rb:4:in `index'
[active_model_serializers]   [1m[36mUserSearch Load (1.1ms)[0m  [1m[34mSELECT "user_searches".* FROM "user_searches" INNER JOIN "favorites" ON "user_searches"."id" = "favorites"."user_search_id" WHERE "favorites"."user_id" = $1[0m  [["user_id", 1]]
[active_model_serializers]   ↳ app/controllers/users_controller.rb:4:in `index'
[active_model_serializers]   [1m[36mUserSearch Load (0.5ms)[0m  [1m[34mSELECT "user_searches".* FROM "user_searches" INNER JOIN "favorites" ON "user_searches"."id" = "favorites"."user_search_id" WHERE "favorites"."user_id" = $1[0m  [["user_id", 2]]
[active_model_serializers]   ↳ app/controllers/users_controller.rb:4:in `index'
[active_model_serializers]   [1m[36mUserSearch Load (0.5ms)[0m  [1m[34mSELECT "user_searches".* FROM "user_searches" INNER JOIN "favorites" ON "user_searches"."id" = "favorites"."user_search_id" WHERE "favorites"."user_id" = $1[0m  [["user_id", 3]]
[active_model_serializers]   ↳ app/controllers/users_controller.rb:4:in `index'
[active_model_serializers] Rendered ActiveModel::Serializer::CollectionSerializer with ActiveModelSerializers::Adapter::Attributes (70.43ms)
Completed 200 OK in 93ms (Views: 69.5ms | ActiveRecord: 19.1ms | Allocations: 27157)


Started GET "/users" for 127.0.0.1 at 2019-12-05 15:54:40 -0800
Processing by UsersController#index as */*
  [1m[36mUser Load (0.5ms)[0m  [1m[34mSELECT "users".* FROM "users"[0m
  ↳ app/controllers/users_controller.rb:4:in `index'
[active_model_serializers]   [1m[36mUserSearch Load (0.6ms)[0m  [1m[34mSELECT "user_searches".* FROM "user_searches" INNER JOIN "favorites" ON "user_searches"."id" = "favorites"."user_search_id" WHERE "favorites"."user_id" = $1[0m  [["user_id", 1]]
[active_model_serializers]   ↳ app/controllers/users_controller.rb:4:in `index'
[active_model_serializers]   [1m[36mUserSearch Load (0.6ms)[0m  [1m[34mSELECT "user_searches".* FROM "user_searches" INNER JOIN "favorites" ON "user_searches"."id" = "favorites"."user_search_id" WHERE "favorites"."user_id" = $1[0m  [["user_id", 2]]
[active_model_serializers]   ↳ app/controllers/users_controller.rb:4:in `index'
[active_model_serializers]   [1m[36mUserSearch Load (0.6ms)[0m  [1m[34mSELECT "user_searches".* FROM "user_searches" INNER JOIN "favorites" ON "user_searches"."id" = "favorites"."user_search_id" WHERE "favorites"."user_id" = $1[0m  [["user_id", 3]]
[active_model_serializers]   ↳ app/controllers/users_controller.rb:4:in `index'
[active_model_serializers] Rendered ActiveModel::Serializer::CollectionSerializer with ActiveModelSerializers::Adapter::Attributes (12.78ms)
Completed 200 OK in 16ms (Views: 12.9ms | ActiveRecord: 2.3ms | Allocations: 8468)


Started GET "/users" for 127.0.0.1 at 2019-12-05 15:54:44 -0800
Processing by UsersController#index as */*
  [1m[36mUser Load (0.7ms)[0m  [1m[34mSELECT "users".* FROM "users"[0m
  ↳ app/controllers/users_controller.rb:4:in `index'
[active_model_serializers]   [1m[36mUserSearch Load (0.4ms)[0m  [1m[34mSELECT "user_searches".* FROM "user_searches" INNER JOIN "favorites" ON "user_searches"."id" = "favorites"."user_search_id" WHERE "favorites"."user_id" = $1[0m  [["user_id", 1]]
[active_model_serializers]   ↳ app/controllers/users_controller.rb:4:in `index'
[active_model_serializers]   [1m[36mUserSearch Load (0.4ms)[0m  [1m[34mSELECT "user_searches".* FROM "user_searches" INNER JOIN "favorites" ON "user_searches"."id" = "favorites"."user_search_id" WHERE "favorites"."user_id" = $1[0m  [["user_id", 2]]
[active_model_serializers]   ↳ app/controllers/users_controller.rb:4:in `index'
[active_model_serializers]   [1m[36mUserSearch Load (0.3ms)[0m  [1m[34mSELECT "user_searches".* FROM "user_searches" INNER JOIN "favorites" ON "user_searches"."id" = "favorites"."user_search_id" WHERE "favorites"."user_id" = $1[0m  [["user_id", 3]]
[active_model_serializers]   ↳ app/controllers/users_controller.rb:4:in `index'
[active_model_serializers] Rendered ActiveModel::Serializer::CollectionSerializer with ActiveModelSerializers::Adapter::Attributes (10.0ms)
Completed 200 OK in 13ms (Views: 11.2ms | ActiveRecord: 1.7ms | Allocations: 8467)


Started GET "/users" for 127.0.0.1 at 2019-12-05 15:54:44 -0800
Processing by UsersController#index as */*
  [1m[36mUser Load (0.4ms)[0m  [1m[34mSELECT "users".* FROM "users"[0m
  ↳ app/controllers/users_controller.rb:4:in `index'
[active_model_serializers]   [1m[36mUserSearch Load (0.5ms)[0m  [1m[34mSELECT "user_searches".* FROM "user_searches" INNER JOIN "favorites" ON "user_searches"."id" = "favorites"."user_search_id" WHERE "favorites"."user_id" = $1[0m  [["user_id", 1]]
[active_model_serializers]   ↳ app/controllers/users_controller.rb:4:in `index'
[active_model_serializers]   [1m[36mUserSearch Load (0.3ms)[0m  [1m[34mSELECT "user_searches".* FROM "user_searches" INNER JOIN "favorites" ON "user_searches"."id" = "favorites"."user_search_id" WHERE "favorites"."user_id" = $1[0m  [["user_id", 2]]
[active_model_serializers]   ↳ app/controllers/users_controller.rb:4:in `index'
[active_model_serializers]   [1m[36mUserSearch Load (0.3ms)[0m  [1m[34mSELECT "user_searches".* FROM "user_searches" INNER JOIN "favorites" ON "user_searches"."id" = "favorites"."user_search_id" WHERE "favorites"."user_id" = $1[0m  [["user_id", 3]]
[active_model_serializers]   ↳ app/controllers/users_controller.rb:4:in `index'
[active_model_serializers] Rendered ActiveModel::Serializer::CollectionSerializer with ActiveModelSerializers::Adapter::Attributes (13.4ms)
Completed 200 OK in 17ms (Views: 15.2ms | ActiveRecord: 1.5ms | Allocations: 8467)


Started GET "/users" for 127.0.0.1 at 2019-12-05 15:57:00 -0800
Processing by UsersController#index as */*
  [1m[36mUser Load (0.6ms)[0m  [1m[34mSELECT "users".* FROM "users"[0m
  ↳ app/controllers/users_controller.rb:4:in `index'
[active_model_serializers]   [1m[36mUserSearch Load (0.6ms)[0m  [1m[34mSELECT "user_searches".* FROM "user_searches" INNER JOIN "favorites" ON "user_searches"."id" = "favorites"."user_search_id" WHERE "favorites"."user_id" = $1[0m  [["user_id", 1]]
[active_model_serializers]   ↳ app/controllers/users_controller.rb:4:in `index'
[active_model_serializers]   [1m[36mUserSearch Load (0.3ms)[0m  [1m[34mSELECT "user_searches".* FROM "user_searches" INNER JOIN "favorites" ON "user_searches"."id" = "favorites"."user_search_id" WHERE "favorites"."user_id" = $1[0m  [["user_id", 2]]
[active_model_serializers]   ↳ app/controllers/users_controller.rb:4:in `index'
[active_model_serializers]   [1m[36mUserSearch Load (0.3ms)[0m  [1m[34mSELECT "user_searches".* FROM "user_searches" INNER JOIN "favorites" ON "user_searches"."id" = "favorites"."user_search_id" WHERE "favorites"."user_id" = $1[0m  [["user_id", 3]]
[active_model_serializers]   ↳ app/controllers/users_controller.rb:4:in `index'
[active_model_serializers] Rendered ActiveModel::Serializer::CollectionSerializer with ActiveModelSerializers::Adapter::Attributes (10.63ms)
Completed 200 OK in 14ms (Views: 12.1ms | ActiveRecord: 1.7ms | Allocations: 8467)


Started POST "/user_searches" for 127.0.0.1 at 2019-12-05 15:57:14 -0800
Processing by UserSearchesController#create as JSON
  Parameters: {"username"=>"rachid1", "user_search"=>{"reddit_username"=>"mike", "top_listing_name"=>"Nice", "top_listing_likes"=>6562, "top_listing_link"=>"https://i.redd.it/idi6orhl1hb31.jpg", "fav_sub_name"=>"AskReddit", "most_children_name"=>"Nice", "Most_children_likes"=>3, "most_children_link"=>"https://i.redd.it/idi6orhl1hb31.jpg"}}
  [1m[35m (0.3ms)[0m  [1m[35mBEGIN[0m
  ↳ app/controllers/user_searches_controller.rb:12:in `create'
  [1m[36mUserSearch Create (1.4ms)[0m  [1m[32mINSERT INTO "user_searches" ("reddit_username", "top_listing_name", "top_listing_likes", "top_listing_link", "fav_sub_name", "most_children_name", "Most_children_likes", "most_children_link", "created_at", "updated_at") VALUES ($1, $2, $3, $4, $5, $6, $7, $8, $9, $10) RETURNING "id"[0m  [["reddit_username", "mike"], ["top_listing_name", "Nice"], ["top_listing_likes", 6562], ["top_listing_link", "https://i.redd.it/idi6orhl1hb31.jpg"], ["fav_sub_name", "AskReddit"], ["most_children_name", "Nice"], ["Most_children_likes", 3], ["most_children_link", "https://i.redd.it/idi6orhl1hb31.jpg"], ["created_at", "2019-12-05 23:57:14.031431"], ["updated_at", "2019-12-05 23:57:14.031431"]]
  ↳ app/controllers/user_searches_controller.rb:12:in `create'
  [1m[35m (1.8ms)[0m  [1m[35mCOMMIT[0m
  ↳ app/controllers/user_searches_controller.rb:12:in `create'
  [1m[36mUser Load (0.3ms)[0m  [1m[34mSELECT "users".* FROM "users" WHERE "users"."username" = $1 LIMIT $2[0m  [["username", "rachid1"], ["LIMIT", 1]]
  ↳ app/controllers/user_searches_controller.rb:14:in `create'
  [1m[35m (0.2ms)[0m  [1m[35mBEGIN[0m
  ↳ app/controllers/user_searches_controller.rb:16:in `create'
  [1m[36mUser Load (0.4ms)[0m  [1m[34mSELECT "users".* FROM "users" WHERE "users"."id" = $1 LIMIT $2[0m  [["id", 1], ["LIMIT", 1]]
  ↳ app/controllers/user_searches_controller.rb:16:in `create'
  [1m[36mUserSearch Load (0.4ms)[0m  [1m[34mSELECT "user_searches".* FROM "user_searches" WHERE "user_searches"."id" = $1 LIMIT $2[0m  [["id", 22], ["LIMIT", 1]]
  ↳ app/controllers/user_searches_controller.rb:16:in `create'
  [1m[36mFavorite Create (1.4ms)[0m  [1m[32mINSERT INTO "favorites" ("user_id", "user_search_id", "created_at", "updated_at") VALUES ($1, $2, $3, $4) RETURNING "id"[0m  [["user_id", 1], ["user_search_id", 22], ["created_at", "2019-12-05 23:57:14.061911"], ["updated_at", "2019-12-05 23:57:14.061911"]]
  ↳ app/controllers/user_searches_controller.rb:16:in `create'
  [1m[35m (0.6ms)[0m  [1m[35mCOMMIT[0m
  ↳ app/controllers/user_searches_controller.rb:16:in `create'
Completed 204 No Content in 38ms (ActiveRecord: 10.8ms | Allocations: 10857)


Started POST "/user_searches" for 127.0.0.1 at 2019-12-05 15:57:26 -0800
Processing by UserSearchesController#create as JSON
  Parameters: {"username"=>"rachid1", "user_search"=>{"reddit_username"=>"spez", "top_listing_name"=>"Reddit search might work by then.", "top_listing_likes"=>22205, "top_listing_link"=>"https://www.reddit.com/r/announcements/comments/59k22p/hey_its_reddits_totally_politically_neutral_ceo/", "fav_sub_name"=>"announcements", "most_children_name"=>"No. We don’t negotiate with terrorists. ", "Most_children_likes"=>10, "most_children_link"=>"https://www.reddit.com/r/announcements/comments/7jsyqt/the_fccs_vote_was_predictably_frustrating_but/"}}
  [1m[35m (0.2ms)[0m  [1m[35mBEGIN[0m
  ↳ app/controllers/user_searches_controller.rb:12:in `create'
  [1m[36mUserSearch Create (0.7ms)[0m  [1m[32mINSERT INTO "user_searches" ("reddit_username", "top_listing_name", "top_listing_likes", "top_listing_link", "fav_sub_name", "most_children_name", "Most_children_likes", "most_children_link", "created_at", "updated_at") VALUES ($1, $2, $3, $4, $5, $6, $7, $8, $9, $10) RETURNING "id"[0m  [["reddit_username", "spez"], ["top_listing_name", "Reddit search might work by then."], ["top_listing_likes", 22205], ["top_listing_link", "https://www.reddit.com/r/announcements/comments/59k22p/hey_its_reddits_totally_politically_neutral_ceo/"], ["fav_sub_name", "announcements"], ["most_children_name", "No. We don’t negotiate with terrorists. "], ["Most_children_likes", 10], ["most_children_link", "https://www.reddit.com/r/announcements/comments/7jsyqt/the_fccs_vote_was_predictably_frustrating_but/"], ["created_at", "2019-12-05 23:57:26.095387"], ["updated_at", "2019-12-05 23:57:26.095387"]]
  ↳ app/controllers/user_searches_controller.rb:12:in `create'
  [1m[35m (0.8ms)[0m  [1m[35mCOMMIT[0m
  ↳ app/controllers/user_searches_controller.rb:12:in `create'
  [1m[36mUser Load (0.4ms)[0m  [1m[34mSELECT "users".* FROM "users" WHERE "users"."username" = $1 LIMIT $2[0m  [["username", "rachid1"], ["LIMIT", 1]]
  ↳ app/controllers/user_searches_controller.rb:14:in `create'
  [1m[35m (0.2ms)[0m  [1m[35mBEGIN[0m
  ↳ app/controllers/user_searches_controller.rb:16:in `create'
  [1m[36mUser Load (0.5ms)[0m  [1m[34mSELECT "users".* FROM "users" WHERE "users"."id" = $1 LIMIT $2[0m  [["id", 1], ["LIMIT", 1]]
  ↳ app/controllers/user_searches_controller.rb:16:in `create'
  [1m[36mUserSearch Load (0.5ms)[0m  [1m[34mSELECT "user_searches".* FROM "user_searches" WHERE "user_searches"."id" = $1 LIMIT $2[0m  [["id", 23], ["LIMIT", 1]]
  ↳ app/controllers/user_searches_controller.rb:16:in `create'
  [1m[36mFavorite Create (0.9ms)[0m  [1m[32mINSERT INTO "favorites" ("user_id", "user_search_id", "created_at", "updated_at") VALUES ($1, $2, $3, $4) RETURNING "id"[0m  [["user_id", 1], ["user_search_id", 23], ["created_at", "2019-12-05 23:57:26.128792"], ["updated_at", "2019-12-05 23:57:26.128792"]]
  ↳ app/controllers/user_searches_controller.rb:16:in `create'
  [1m[35m (0.9ms)[0m  [1m[35mCOMMIT[0m
  ↳ app/controllers/user_searches_controller.rb:16:in `create'
Completed 204 No Content in 40ms (ActiveRecord: 5.1ms | Allocations: 6987)


